<?xml version="1.0" encoding="UTF-8"?>
<!-- Generated by org.testng.reporters.JUnitReportReporter -->
<testsuite hostname="DESKTOP-98Q968J" failures="0" tests="1" name="OurFirstTest" time="0.005" errors="0" timestamp="2020-12-30T13:01:55 CET" skipped="0">
  <testcase classname="OurFirstTest" name="sayHallow" time="0.005"/>
  <system-out/>
</testsuite> <!-- OurFirstTest -->
